[2023-10-05 20:43:54] [WARNING] GitHub is currently experiencing availability issues.  See https://www.githubstatus.com for details.
[2023-10-05 20:43:54] [INFO] You are running the latest version of the ado2gh CLI [v1.1.0]
[2023-10-05 20:43:54] [INFO] ADO ORG: Abelindia
[2023-10-05 20:43:54] [INFO] ADO TEAM PROJECT: Finder
[2023-10-05 20:43:54] [INFO] ADO REPO: ai-finder-be-api-donetcore
[2023-10-05 20:43:54] [INFO] GITHUB ORG: Abel-India
[2023-10-05 20:43:54] [INFO] GITHUB REPO: ai-finder-be-api-donetcore
[2023-10-05 20:43:54] [INFO] Migrating Repo...
[2023-10-05 20:44:01] [INFO] Migration in progress (ID: RM_kgDaACRmN2E2YjM5ZS1lOWJkLTQ1NjEtOWI3NS04YTdmOTc0ZGY5MzM). State: PENDING_VALIDATION. Waiting 10 seconds...
[2023-10-05 20:44:11] [INFO] Migration in progress (ID: RM_kgDaACRmN2E2YjM5ZS1lOWJkLTQ1NjEtOWI3NS04YTdmOTc0ZGY5MzM). State: QUEUED. Waiting 10 seconds...
[2023-10-05 20:44:22] [INFO] Migration in progress (ID: RM_kgDaACRmN2E2YjM5ZS1lOWJkLTQ1NjEtOWI3NS04YTdmOTc0ZGY5MzM). State: IN_PROGRESS. Waiting 10 seconds...
[2023-10-05 20:44:32] [INFO] Migration in progress (ID: RM_kgDaACRmN2E2YjM5ZS1lOWJkLTQ1NjEtOWI3NS04YTdmOTc0ZGY5MzM). State: IN_PROGRESS. Waiting 10 seconds...
[2023-10-05 20:44:43] [INFO] Migration in progress (ID: RM_kgDaACRmN2E2YjM5ZS1lOWJkLTQ1NjEtOWI3NS04YTdmOTc0ZGY5MzM). State: IN_PROGRESS. Waiting 10 seconds...
[2023-10-05 20:44:53] [INFO] Migration in progress (ID: RM_kgDaACRmN2E2YjM5ZS1lOWJkLTQ1NjEtOWI3NS04YTdmOTc0ZGY5MzM). State: IN_PROGRESS. Waiting 10 seconds...
[2023-10-05 20:45:04] [INFO] Migration in progress (ID: RM_kgDaACRmN2E2YjM5ZS1lOWJkLTQ1NjEtOWI3NS04YTdmOTc0ZGY5MzM). State: IN_PROGRESS. Waiting 10 seconds...
[2023-10-05 20:45:14] [INFO] Migration in progress (ID: RM_kgDaACRmN2E2YjM5ZS1lOWJkLTQ1NjEtOWI3NS04YTdmOTc0ZGY5MzM). State: IN_PROGRESS. Waiting 10 seconds...
[2023-10-05 20:45:25] [INFO] Migration in progress (ID: RM_kgDaACRmN2E2YjM5ZS1lOWJkLTQ1NjEtOWI3NS04YTdmOTc0ZGY5MzM). State: IN_PROGRESS. Waiting 10 seconds...
[2023-10-05 20:45:35] [INFO] Migration in progress (ID: RM_kgDaACRmN2E2YjM5ZS1lOWJkLTQ1NjEtOWI3NS04YTdmOTc0ZGY5MzM). State: IN_PROGRESS. Waiting 10 seconds...
[2023-10-05 20:45:46] [INFO] Migration in progress (ID: RM_kgDaACRmN2E2YjM5ZS1lOWJkLTQ1NjEtOWI3NS04YTdmOTc0ZGY5MzM). State: IN_PROGRESS. Waiting 10 seconds...
[2023-10-05 20:45:56] [INFO] Migration in progress (ID: RM_kgDaACRmN2E2YjM5ZS1lOWJkLTQ1NjEtOWI3NS04YTdmOTc0ZGY5MzM). State: IN_PROGRESS. Waiting 10 seconds...
[2023-10-05 20:46:07] [INFO] Migration in progress (ID: RM_kgDaACRmN2E2YjM5ZS1lOWJkLTQ1NjEtOWI3NS04YTdmOTc0ZGY5MzM). State: IN_PROGRESS. Waiting 10 seconds...
[2023-10-05 20:46:18] [INFO] Migration in progress (ID: RM_kgDaACRmN2E2YjM5ZS1lOWJkLTQ1NjEtOWI3NS04YTdmOTc0ZGY5MzM). State: IN_PROGRESS. Waiting 10 seconds...
[2023-10-05 20:46:28] [INFO] Migration in progress (ID: RM_kgDaACRmN2E2YjM5ZS1lOWJkLTQ1NjEtOWI3NS04YTdmOTc0ZGY5MzM). State: IN_PROGRESS. Waiting 10 seconds...
[2023-10-05 20:46:39] [INFO] Migration in progress (ID: RM_kgDaACRmN2E2YjM5ZS1lOWJkLTQ1NjEtOWI3NS04YTdmOTc0ZGY5MzM). State: IN_PROGRESS. Waiting 10 seconds...
[2023-10-05 20:46:49] [INFO] Migration in progress (ID: RM_kgDaACRmN2E2YjM5ZS1lOWJkLTQ1NjEtOWI3NS04YTdmOTc0ZGY5MzM). State: IN_PROGRESS. Waiting 10 seconds...
[2023-10-05 20:47:00] [INFO] Migration in progress (ID: RM_kgDaACRmN2E2YjM5ZS1lOWJkLTQ1NjEtOWI3NS04YTdmOTc0ZGY5MzM). State: IN_PROGRESS. Waiting 10 seconds...
[2023-10-05 20:47:10] [INFO] Migration in progress (ID: RM_kgDaACRmN2E2YjM5ZS1lOWJkLTQ1NjEtOWI3NS04YTdmOTc0ZGY5MzM). State: IN_PROGRESS. Waiting 10 seconds...
[2023-10-05 20:47:21] [INFO] Migration in progress (ID: RM_kgDaACRmN2E2YjM5ZS1lOWJkLTQ1NjEtOWI3NS04YTdmOTc0ZGY5MzM). State: IN_PROGRESS. Waiting 10 seconds...
[2023-10-05 20:47:31] [INFO] Migration in progress (ID: RM_kgDaACRmN2E2YjM5ZS1lOWJkLTQ1NjEtOWI3NS04YTdmOTc0ZGY5MzM). State: IN_PROGRESS. Waiting 10 seconds...
[2023-10-05 20:47:42] [INFO] Migration in progress (ID: RM_kgDaACRmN2E2YjM5ZS1lOWJkLTQ1NjEtOWI3NS04YTdmOTc0ZGY5MzM). State: IN_PROGRESS. Waiting 10 seconds...
[2023-10-05 20:47:52] [INFO] Migration in progress (ID: RM_kgDaACRmN2E2YjM5ZS1lOWJkLTQ1NjEtOWI3NS04YTdmOTc0ZGY5MzM). State: IN_PROGRESS. Waiting 10 seconds...
[2023-10-05 20:48:03] [INFO] Migration in progress (ID: RM_kgDaACRmN2E2YjM5ZS1lOWJkLTQ1NjEtOWI3NS04YTdmOTc0ZGY5MzM). State: IN_PROGRESS. Waiting 10 seconds...
[2023-10-05 20:48:14] [INFO] Migration in progress (ID: RM_kgDaACRmN2E2YjM5ZS1lOWJkLTQ1NjEtOWI3NS04YTdmOTc0ZGY5MzM). State: IN_PROGRESS. Waiting 10 seconds...
[2023-10-05 20:48:24] [INFO] Migration in progress (ID: RM_kgDaACRmN2E2YjM5ZS1lOWJkLTQ1NjEtOWI3NS04YTdmOTc0ZGY5MzM). State: IN_PROGRESS. Waiting 10 seconds...
[2023-10-05 20:48:35] [INFO] Migration in progress (ID: RM_kgDaACRmN2E2YjM5ZS1lOWJkLTQ1NjEtOWI3NS04YTdmOTc0ZGY5MzM). State: IN_PROGRESS. Waiting 10 seconds...
[2023-10-05 20:48:45] [INFO] Migration in progress (ID: RM_kgDaACRmN2E2YjM5ZS1lOWJkLTQ1NjEtOWI3NS04YTdmOTc0ZGY5MzM). State: IN_PROGRESS. Waiting 10 seconds...
[2023-10-05 20:48:56] [INFO] Migration in progress (ID: RM_kgDaACRmN2E2YjM5ZS1lOWJkLTQ1NjEtOWI3NS04YTdmOTc0ZGY5MzM). State: IN_PROGRESS. Waiting 10 seconds...
[2023-10-05 20:49:06] [INFO] Migration in progress (ID: RM_kgDaACRmN2E2YjM5ZS1lOWJkLTQ1NjEtOWI3NS04YTdmOTc0ZGY5MzM). State: IN_PROGRESS. Waiting 10 seconds...
[2023-10-05 20:49:17] [INFO] Migration in progress (ID: RM_kgDaACRmN2E2YjM5ZS1lOWJkLTQ1NjEtOWI3NS04YTdmOTc0ZGY5MzM). State: IN_PROGRESS. Waiting 10 seconds...
[2023-10-05 20:49:27] [INFO] Migration in progress (ID: RM_kgDaACRmN2E2YjM5ZS1lOWJkLTQ1NjEtOWI3NS04YTdmOTc0ZGY5MzM). State: IN_PROGRESS. Waiting 10 seconds...
[2023-10-05 20:49:38] [INFO] Migration in progress (ID: RM_kgDaACRmN2E2YjM5ZS1lOWJkLTQ1NjEtOWI3NS04YTdmOTc0ZGY5MzM). State: IN_PROGRESS. Waiting 10 seconds...
[2023-10-05 20:49:48] [INFO] Migration in progress (ID: RM_kgDaACRmN2E2YjM5ZS1lOWJkLTQ1NjEtOWI3NS04YTdmOTc0ZGY5MzM). State: IN_PROGRESS. Waiting 10 seconds...
[2023-10-05 20:49:59] [INFO] Migration in progress (ID: RM_kgDaACRmN2E2YjM5ZS1lOWJkLTQ1NjEtOWI3NS04YTdmOTc0ZGY5MzM). State: IN_PROGRESS. Waiting 10 seconds...
[2023-10-05 20:50:09] [INFO] Migration in progress (ID: RM_kgDaACRmN2E2YjM5ZS1lOWJkLTQ1NjEtOWI3NS04YTdmOTc0ZGY5MzM). State: IN_PROGRESS. Waiting 10 seconds...
[2023-10-05 20:50:20] [INFO] Migration in progress (ID: RM_kgDaACRmN2E2YjM5ZS1lOWJkLTQ1NjEtOWI3NS04YTdmOTc0ZGY5MzM). State: IN_PROGRESS. Waiting 10 seconds...
[2023-10-05 20:50:30] [INFO] Migration in progress (ID: RM_kgDaACRmN2E2YjM5ZS1lOWJkLTQ1NjEtOWI3NS04YTdmOTc0ZGY5MzM). State: IN_PROGRESS. Waiting 10 seconds...
[2023-10-05 20:50:41] [INFO] Migration in progress (ID: RM_kgDaACRmN2E2YjM5ZS1lOWJkLTQ1NjEtOWI3NS04YTdmOTc0ZGY5MzM). State: IN_PROGRESS. Waiting 10 seconds...
[2023-10-05 20:50:52] [INFO] Migration in progress (ID: RM_kgDaACRmN2E2YjM5ZS1lOWJkLTQ1NjEtOWI3NS04YTdmOTc0ZGY5MzM). State: IN_PROGRESS. Waiting 10 seconds...
[2023-10-05 20:51:02] [INFO] Migration in progress (ID: RM_kgDaACRmN2E2YjM5ZS1lOWJkLTQ1NjEtOWI3NS04YTdmOTc0ZGY5MzM). State: IN_PROGRESS. Waiting 10 seconds...
[2023-10-05 20:51:13] [INFO] Migration in progress (ID: RM_kgDaACRmN2E2YjM5ZS1lOWJkLTQ1NjEtOWI3NS04YTdmOTc0ZGY5MzM). State: IN_PROGRESS. Waiting 10 seconds...
[2023-10-05 20:51:23] [INFO] Migration in progress (ID: RM_kgDaACRmN2E2YjM5ZS1lOWJkLTQ1NjEtOWI3NS04YTdmOTc0ZGY5MzM). State: IN_PROGRESS. Waiting 10 seconds...
[2023-10-05 20:51:33] [INFO] Migration in progress (ID: RM_kgDaACRmN2E2YjM5ZS1lOWJkLTQ1NjEtOWI3NS04YTdmOTc0ZGY5MzM). State: IN_PROGRESS. Waiting 10 seconds...
[2023-10-05 20:51:44] [INFO] Migration in progress (ID: RM_kgDaACRmN2E2YjM5ZS1lOWJkLTQ1NjEtOWI3NS04YTdmOTc0ZGY5MzM). State: IN_PROGRESS. Waiting 10 seconds...
[2023-10-05 20:51:55] [INFO] Migration in progress (ID: RM_kgDaACRmN2E2YjM5ZS1lOWJkLTQ1NjEtOWI3NS04YTdmOTc0ZGY5MzM). State: IN_PROGRESS. Waiting 10 seconds...
[2023-10-05 20:52:05] [INFO] Migration in progress (ID: RM_kgDaACRmN2E2YjM5ZS1lOWJkLTQ1NjEtOWI3NS04YTdmOTc0ZGY5MzM). State: IN_PROGRESS. Waiting 10 seconds...
[2023-10-05 20:52:16] [INFO] Migration in progress (ID: RM_kgDaACRmN2E2YjM5ZS1lOWJkLTQ1NjEtOWI3NS04YTdmOTc0ZGY5MzM). State: IN_PROGRESS. Waiting 10 seconds...
[2023-10-05 20:52:26] [INFO] Migration in progress (ID: RM_kgDaACRmN2E2YjM5ZS1lOWJkLTQ1NjEtOWI3NS04YTdmOTc0ZGY5MzM). State: IN_PROGRESS. Waiting 10 seconds...
[2023-10-05 20:52:37] [INFO] Migration in progress (ID: RM_kgDaACRmN2E2YjM5ZS1lOWJkLTQ1NjEtOWI3NS04YTdmOTc0ZGY5MzM). State: IN_PROGRESS. Waiting 10 seconds...
[2023-10-05 20:52:47] [INFO] Migration in progress (ID: RM_kgDaACRmN2E2YjM5ZS1lOWJkLTQ1NjEtOWI3NS04YTdmOTc0ZGY5MzM). State: IN_PROGRESS. Waiting 10 seconds...
[2023-10-05 20:52:58] [INFO] Migration in progress (ID: RM_kgDaACRmN2E2YjM5ZS1lOWJkLTQ1NjEtOWI3NS04YTdmOTc0ZGY5MzM). State: IN_PROGRESS. Waiting 10 seconds...
[2023-10-05 20:53:08] [INFO] Migration in progress (ID: RM_kgDaACRmN2E2YjM5ZS1lOWJkLTQ1NjEtOWI3NS04YTdmOTc0ZGY5MzM). State: IN_PROGRESS. Waiting 10 seconds...
[2023-10-05 20:53:19] [INFO] Migration in progress (ID: RM_kgDaACRmN2E2YjM5ZS1lOWJkLTQ1NjEtOWI3NS04YTdmOTc0ZGY5MzM). State: IN_PROGRESS. Waiting 10 seconds...
[2023-10-05 20:53:31] [INFO] Migration in progress (ID: RM_kgDaACRmN2E2YjM5ZS1lOWJkLTQ1NjEtOWI3NS04YTdmOTc0ZGY5MzM). State: IN_PROGRESS. Waiting 10 seconds...
[2023-10-05 20:53:42] [INFO] Migration in progress (ID: RM_kgDaACRmN2E2YjM5ZS1lOWJkLTQ1NjEtOWI3NS04YTdmOTc0ZGY5MzM). State: IN_PROGRESS. Waiting 10 seconds...
[2023-10-05 20:53:52] [INFO] Migration in progress (ID: RM_kgDaACRmN2E2YjM5ZS1lOWJkLTQ1NjEtOWI3NS04YTdmOTc0ZGY5MzM). State: IN_PROGRESS. Waiting 10 seconds...
[2023-10-05 20:54:03] [INFO] Migration in progress (ID: RM_kgDaACRmN2E2YjM5ZS1lOWJkLTQ1NjEtOWI3NS04YTdmOTc0ZGY5MzM). State: IN_PROGRESS. Waiting 10 seconds...
[2023-10-05 20:54:13] [INFO] Migration in progress (ID: RM_kgDaACRmN2E2YjM5ZS1lOWJkLTQ1NjEtOWI3NS04YTdmOTc0ZGY5MzM). State: IN_PROGRESS. Waiting 10 seconds...
[2023-10-05 20:54:24] [INFO] Migration in progress (ID: RM_kgDaACRmN2E2YjM5ZS1lOWJkLTQ1NjEtOWI3NS04YTdmOTc0ZGY5MzM). State: IN_PROGRESS. Waiting 10 seconds...
[2023-10-05 20:54:34] [INFO] Migration in progress (ID: RM_kgDaACRmN2E2YjM5ZS1lOWJkLTQ1NjEtOWI3NS04YTdmOTc0ZGY5MzM). State: IN_PROGRESS. Waiting 10 seconds...
[2023-10-05 20:54:45] [INFO] Migration in progress (ID: RM_kgDaACRmN2E2YjM5ZS1lOWJkLTQ1NjEtOWI3NS04YTdmOTc0ZGY5MzM). State: IN_PROGRESS. Waiting 10 seconds...
[2023-10-05 20:54:55] [INFO] Migration in progress (ID: RM_kgDaACRmN2E2YjM5ZS1lOWJkLTQ1NjEtOWI3NS04YTdmOTc0ZGY5MzM). State: IN_PROGRESS. Waiting 10 seconds...
[2023-10-05 20:55:06] [INFO] Migration in progress (ID: RM_kgDaACRmN2E2YjM5ZS1lOWJkLTQ1NjEtOWI3NS04YTdmOTc0ZGY5MzM). State: IN_PROGRESS. Waiting 10 seconds...
[2023-10-05 20:55:16] [INFO] Migration in progress (ID: RM_kgDaACRmN2E2YjM5ZS1lOWJkLTQ1NjEtOWI3NS04YTdmOTc0ZGY5MzM). State: IN_PROGRESS. Waiting 10 seconds...
[2023-10-05 20:55:27] [INFO] Migration in progress (ID: RM_kgDaACRmN2E2YjM5ZS1lOWJkLTQ1NjEtOWI3NS04YTdmOTc0ZGY5MzM). State: IN_PROGRESS. Waiting 10 seconds...
[2023-10-05 20:55:38] [INFO] Migration in progress (ID: RM_kgDaACRmN2E2YjM5ZS1lOWJkLTQ1NjEtOWI3NS04YTdmOTc0ZGY5MzM). State: IN_PROGRESS. Waiting 10 seconds...
[2023-10-05 20:55:49] [INFO] Migration in progress (ID: RM_kgDaACRmN2E2YjM5ZS1lOWJkLTQ1NjEtOWI3NS04YTdmOTc0ZGY5MzM). State: IN_PROGRESS. Waiting 10 seconds...
[2023-10-05 20:55:59] [INFO] Migration in progress (ID: RM_kgDaACRmN2E2YjM5ZS1lOWJkLTQ1NjEtOWI3NS04YTdmOTc0ZGY5MzM). State: IN_PROGRESS. Waiting 10 seconds...
[2023-10-05 20:56:10] [INFO] Migration in progress (ID: RM_kgDaACRmN2E2YjM5ZS1lOWJkLTQ1NjEtOWI3NS04YTdmOTc0ZGY5MzM). State: IN_PROGRESS. Waiting 10 seconds...
[2023-10-05 20:56:21] [INFO] Migration completed (ID: RM_kgDaACRmN2E2YjM5ZS1lOWJkLTQ1NjEtOWI3NS04YTdmOTc0ZGY5MzM)! State: SUCCEEDED
[2023-10-05 20:56:21] [WARNING] 142 warnings encountered during this migration
[2023-10-05 20:56:21] [INFO] Migration log available at https://objects-origin.githubusercontent.com/octoshiftmigrationlogs/Abel-India/ai-finder-be-api-donetcore-f7a6b39e-e9bd-4561-9b75-8a7f974df933-logs.txt?X-Amz-Algorithm=AWS4-HMAC-SHA256&X-Amz-Credential=octoshiftstoragedev%2F20231005%2Fus-east-1%2Fs3%2Faws4_request&X-Amz-Date=20231005T152617Z&X-Amz-Expires=432000&X-Amz-Signature=74baeeecdabbdc8278ec4f716d8ac31ee796d90961113234f87ac46a7dd4db82&X-Amz-SignedHeaders=host or by running `gh ado2gh download-logs --github-target-org Abel-India --target-repo ai-finder-be-api-donetcore`
